2024-10-25 14:49:05,604 - MyLogger - INFO - 程序开始运行
2024-10-25 14:49:20,812 - MyLogger - INFO - 用户取消注册
2024-10-25 14:49:27,804 - MyLogger - WARNING - bin/local/user/user_db.enc 加密文件不存在
2024-10-25 14:49:27,820 - MyLogger - INFO - bin/local/user/user_db.enc 数据加密成功
2024-10-25 14:49:27,820 - MyLogger - INFO - bin/local/user/user_db.enc 加密文件创建成功
2024-10-25 14:49:27,824 - MyLogger - INFO - bin/local/user/user_db.enc 数据加密成功
2024-10-25 14:49:27,824 - MyLogger - INFO - 用户 1 创建成功。
2024-10-25 14:49:27,839 - MyLogger - INFO - 用户注册成功
2024-10-25 14:49:29,215 - MyLogger - INFO - 用户注册成功,请重新登录！
2024-10-25 14:49:31,343 - MyLogger - INFO - 用户 1 认证成功。
2024-10-25 14:49:31,343 - MyLogger - INFO - 用户登录成功！
2024-10-25 14:49:31,344 - MyLogger - INFO - 查询到：用户ID: 1, 姓名: 1
2024-10-25 14:49:31,397 - MyLogger - ERROR - bin/local/database/mold/DC0124-AD03.enc 加密文件不存在
2024-10-25 14:49:31,397 - MyLogger - INFO - bin/local/database/mold/DC0124-AD03.enc 加密文件创建成功
2024-10-25 14:49:31,397 - MyLogger - ERROR - bin/local/database/mold/DC0124-DIEO.enc 加密文件不存在
2024-10-25 14:49:31,398 - MyLogger - INFO - bin/local/database/mold/DC0124-DIEO.enc 加密文件创建成功
2024-10-25 14:49:31,398 - MyLogger - ERROR - bin/local/database/mold/DC0124-SS01.enc 加密文件不存在
2024-10-25 14:49:31,398 - MyLogger - INFO - bin/local/database/mold/DC0124-SS01.enc 加密文件创建成功
2024-10-25 14:49:31,399 - MyLogger - ERROR - bin/local/database/mold/DC0124-AD02.enc 加密文件不存在
2024-10-25 14:49:31,399 - MyLogger - INFO - bin/local/database/mold/DC0124-AD02.enc 加密文件创建成功
2024-10-25 14:49:31,399 - MyLogger - ERROR - bin/local/database/mold/DC0124-ADIE.enc 加密文件不存在
2024-10-25 14:49:31,399 - MyLogger - INFO - bin/local/database/mold/DC0124-ADIE.enc 加密文件创建成功
2024-10-25 14:49:31,400 - MyLogger - ERROR - bin/local/database/mold/DC0124-ADBT.enc 加密文件不存在
2024-10-25 14:49:31,400 - MyLogger - INFO - bin/local/database/mold/DC0124-ADBT.enc 加密文件创建成功
2024-10-25 14:49:31,400 - MyLogger - ERROR - bin/local/database/mold/DC0124-AD01.enc 加密文件不存在
2024-10-25 14:49:31,401 - MyLogger - INFO - bin/local/database/mold/DC0124-AD01.enc 加密文件创建成功
2024-10-25 14:49:31,401 - MyLogger - ERROR - bin/local/database/mold/DC0121-AD03.enc 加密文件不存在
2024-10-25 14:49:31,402 - MyLogger - INFO - bin/local/database/mold/DC0121-AD03.enc 加密文件创建成功
2024-10-25 14:49:31,402 - MyLogger - ERROR - bin/local/database/mold/DC0121-AD04.enc 加密文件不存在
2024-10-25 14:49:31,402 - MyLogger - INFO - bin/local/database/mold/DC0121-AD04.enc 加密文件创建成功
2024-10-25 14:49:31,402 - MyLogger - ERROR - bin/local/database/mold/DC0121-DIEO.enc 加密文件不存在
2024-10-25 14:49:31,403 - MyLogger - INFO - bin/local/database/mold/DC0121-DIEO.enc 加密文件创建成功
2024-10-25 14:49:31,403 - MyLogger - ERROR - bin/local/database/mold/DC0121-SS01.enc 加密文件不存在
2024-10-25 14:49:31,404 - MyLogger - INFO - bin/local/database/mold/DC0121-SS01.enc 加密文件创建成功
2024-10-25 14:49:31,404 - MyLogger - ERROR - bin/local/database/mold/DC0121-AD02.enc 加密文件不存在
2024-10-25 14:49:31,405 - MyLogger - INFO - bin/local/database/mold/DC0121-AD02.enc 加密文件创建成功
2024-10-25 14:49:31,405 - MyLogger - ERROR - bin/local/database/mold/DC0121-ADIE.enc 加密文件不存在
2024-10-25 14:49:31,406 - MyLogger - INFO - bin/local/database/mold/DC0121-ADIE.enc 加密文件创建成功
2024-10-25 14:49:31,406 - MyLogger - ERROR - bin/local/database/mold/DC0121-ADBT.enc 加密文件不存在
2024-10-25 14:49:31,407 - MyLogger - INFO - bin/local/database/mold/DC0121-ADBT.enc 加密文件创建成功
2024-10-25 14:49:31,407 - MyLogger - ERROR - bin/local/database/mold/DC0121-AD01.enc 加密文件不存在
2024-10-25 14:49:31,407 - MyLogger - INFO - bin/local/database/mold/DC0121-AD01.enc 加密文件创建成功
2024-10-25 14:49:31,408 - MyLogger - ERROR - bin/local/database/mold/DC0125-AD06.enc 加密文件不存在
2024-10-25 14:49:31,408 - MyLogger - INFO - bin/local/database/mold/DC0125-AD06.enc 加密文件创建成功
2024-10-25 14:49:31,408 - MyLogger - ERROR - bin/local/database/mold/DC0125-AD07.enc 加密文件不存在
2024-10-25 14:49:31,409 - MyLogger - INFO - bin/local/database/mold/DC0125-AD07.enc 加密文件创建成功
2024-10-25 14:49:31,409 - MyLogger - ERROR - bin/local/database/mold/DC0125-DIEO.enc 加密文件不存在
2024-10-25 14:49:31,409 - MyLogger - INFO - bin/local/database/mold/DC0125-DIEO.enc 加密文件创建成功
2024-10-25 14:49:31,410 - MyLogger - ERROR - bin/local/database/mold/DC0125-SS01.enc 加密文件不存在
2024-10-25 14:49:31,410 - MyLogger - INFO - bin/local/database/mold/DC0125-SS01.enc 加密文件创建成功
2024-10-25 14:49:31,410 - MyLogger - ERROR - bin/local/database/mold/DC0125-ADIE.enc 加密文件不存在
2024-10-25 14:49:31,411 - MyLogger - INFO - bin/local/database/mold/DC0125-ADIE.enc 加密文件创建成功
2024-10-25 14:49:31,411 - MyLogger - ERROR - bin/local/database/mold/DC0125-ADBT.enc 加密文件不存在
2024-10-25 14:49:31,411 - MyLogger - INFO - bin/local/database/mold/DC0125-ADBT.enc 加密文件创建成功
2024-10-25 14:49:31,411 - MyLogger - ERROR - bin/local/database/Project.enc 加密文件不存在
2024-10-25 14:49:31,412 - MyLogger - INFO - bin/local/database/Project.enc 加密文件创建成功
2024-10-25 14:49:31,414 - MyLogger - INFO - 配置文件加载成功
2024-10-25 14:49:31,415 - MyLogger - INFO - 获取所有配置文件
2024-10-25 14:49:31,415 - MyLogger - INFO - 加载默认配置文件成功！，路径为：config/default.json
2024-10-25 14:49:31,492 - MyLogger - INFO - 项目初始化成功！
2024-10-25 14:49:33,278 - MyLogger - INFO - 普通抽功能初始化成功！
2024-10-25 14:49:39,207 - MyLogger - INFO - /Users/liuyu/Documents/ShrinkTubeApp/ST-24.7.17 - 2抽.dxf: 文件导入成功
2024-10-25 14:49:39,212 - MyLogger - INFO - 参数读取成功
2024-10-25 14:49:39,212 - MyLogger - INFO - 参数提取成功
2024-10-25 14:49:39,212 - MyLogger - INFO - 参数检查成功
2024-10-25 14:49:39,212 - MyLogger - INFO - 参数规则检查成功
2024-10-25 14:49:39,212 - MyLogger - WARNING - 第3个过渡段: 不存在，报错位置：
TubeModelClass.get_params()
2024-10-25 14:49:39,218 - MyLogger - INFO - 参数输出成功
2024-10-25 14:49:39,238 - MyLogger - INFO - 导入文件成功！
2024-10-25 14:49:40,905 - MyLogger - INFO - 管件参数提取成功，位置位于：ShrinkTubeClass._get_params_from_tube
2024-10-25 14:49:40,906 - MyLogger - INFO - 获取配置文件, key: 全局参数
2024-10-25 14:49:40,906 - MyLogger - INFO - 获取配置文件, key: 裁剪夹模
2024-10-25 14:49:40,906 - MyLogger - INFO - 裁剪夹模初始化完成
2024-10-25 14:49:40,906 - MyLogger - INFO - 获取配置文件, key: 全局参数
2024-10-25 14:49:40,906 - MyLogger - INFO - 获取配置文件, key: 成型模
2024-10-25 14:49:40,906 - MyLogger - INFO - 成型模初始化完成
2024-10-25 14:49:40,907 - MyLogger - INFO - 获取配置文件, key: 全局参数
2024-10-25 14:49:40,907 - MyLogger - INFO - 获取配置文件, key: 成型芯轴
2024-10-25 14:49:40,907 - MyLogger - INFO - 成型芯轴初始化完成
2024-10-25 14:49:40,907 - MyLogger - INFO - 获取配置文件, key: 全局参数
2024-10-25 14:49:40,907 - MyLogger - INFO - 获取配置文件, key: 成型退料模
2024-10-25 14:49:40,907 - MyLogger - INFO - 成型退料模初始化完成
2024-10-25 14:49:40,907 - MyLogger - INFO - 获取配置文件, key: 全局参数
2024-10-25 14:49:40,907 - MyLogger - INFO - 获取配置文件, key: 缩管模
2024-10-25 14:49:40,908 - MyLogger - INFO - 缩管模初始化完成
2024-10-25 14:49:40,908 - MyLogger - INFO - 获取配置文件, key: 全局参数
2024-10-25 14:49:40,908 - MyLogger - INFO - 获取配置文件, key: 抽管芯轴
2024-10-25 14:49:40,908 - MyLogger - INFO - 抽管芯轴初始化完成
2024-10-25 14:49:40,908 - MyLogger - INFO - 获取配置文件, key: 全局参数
2024-10-25 14:49:40,908 - MyLogger - INFO - 获取配置文件, key: 抽管退料模
2024-10-25 14:49:40,908 - MyLogger - INFO - 抽管退料模初始化完成
2024-10-25 14:49:40,910 - MyLogger - ERROR - 没有找到裁剪夹模的图号，将使用默认的图号
2024-10-25 14:49:40,910 - MyLogger - INFO - 管件参数提取成功，位置：裁剪夹模参数
2024-10-25 14:49:40,910 - MyLogger - INFO - 裁剪夹模参数设置成功
2024-10-25 14:49:40,912 - MyLogger - ERROR - 没有找到缩管模的图号，将使用默认的图号
2024-10-25 14:49:40,912 - MyLogger - INFO - 管件参数提取成功，位置：缩管模参数
2024-10-25 14:49:40,912 - MyLogger - INFO - 缩管模参数设置成功
2024-10-25 14:49:40,914 - MyLogger - ERROR - 没有找到抽管芯轴的图号，将使用默认的图号
2024-10-25 14:49:40,914 - MyLogger - INFO - 管件参数提取成功，位置：抽管芯轴参数
2024-10-25 14:49:40,915 - MyLogger - INFO - 抽管芯轴参数设置成功
2024-10-25 14:49:40,916 - MyLogger - ERROR - 没有找到抽管退料模的图号，将使用默认的图号
2024-10-25 14:49:40,917 - MyLogger - INFO - 管件参数提取成功，位置：抽管退料模参数
2024-10-25 14:49:40,917 - MyLogger - INFO - 抽管退料模参数设置成功
2024-10-25 14:49:40,917 - MyLogger - INFO - 获取配置文件, key: 全局参数
2024-10-25 14:49:40,917 - MyLogger - INFO - 获取配置文件, key: 裁剪夹模_
2024-10-25 14:49:40,917 - MyLogger - INFO - 裁剪夹模_初始化完成
2024-10-25 14:49:40,918 - MyLogger - INFO - 管件参数提取成功，位置：裁剪夹模_参数
2024-10-25 14:49:40,918 - MyLogger - INFO - 裁剪夹模_参数设置成功
2024-10-25 14:49:40,918 - MyLogger - INFO - 抽管计算成功
2024-10-25 14:49:41,794 - MyLogger - INFO - 计算模具参数成功！
2024-10-25 14:49:44,123 - MyLogger - ERROR - 查询数据失败！报错位置:
AppUIDemo -> save_params_to_db -> self.crypto_data_instance.query_data_by_Bicycle_Frame_Information(self.Bicycle_Frame_Information) 报错信息：
2024-10-25 14:49:44,150 - MyLogger - ERROR - bin/local/database/Project.enc 加密文件没有任何信息！
2024-10-25 14:49:44,150 - MyLogger - INFO - bin/local/database/Project.enc 加密文件不存在，将按照新的格式创建
2024-10-25 14:49:44,151 - MyLogger - INFO - bin/local/database/Project.enc 数据加密成功
2024-10-25 14:49:44,151 - MyLogger - INFO - 项目数据加密成功
2024-10-25 14:49:44,151 - MyLogger - ERROR - bin/local/database/mold/DC0124-AD03.enc 加密文件没有任何信息！
2024-10-25 14:49:44,151 - MyLogger - INFO - bin/local/database/mold/DC0124-AD03.enc 加密文件不存在，将按照新的格式创建
2024-10-25 14:49:44,152 - MyLogger - INFO - bin/local/database/mold/DC0124-AD03.enc 数据加密成功
2024-10-25 14:49:44,152 - MyLogger - INFO - DC0124-AD030000 数据加密成功
2024-10-25 14:49:44,152 - MyLogger - ERROR - bin/local/database/mold/DC0124-ADIE.enc 加密文件没有任何信息！
2024-10-25 14:49:44,153 - MyLogger - INFO - bin/local/database/mold/DC0124-ADIE.enc 加密文件不存在，将按照新的格式创建
2024-10-25 14:49:44,153 - MyLogger - INFO - bin/local/database/mold/DC0124-ADIE.enc 数据加密成功
2024-10-25 14:49:44,153 - MyLogger - INFO - DC0124-ADIE0000 数据加密成功
2024-10-25 14:49:44,154 - MyLogger - ERROR - bin/local/database/mold/DC0124-ADBT.enc 加密文件没有任何信息！
2024-10-25 14:49:44,154 - MyLogger - INFO - bin/local/database/mold/DC0124-ADBT.enc 加密文件不存在，将按照新的格式创建
2024-10-25 14:49:44,155 - MyLogger - INFO - bin/local/database/mold/DC0124-ADBT.enc 数据加密成功
2024-10-25 14:49:44,155 - MyLogger - INFO - DC0124-ADBT0000 数据加密成功
2024-10-25 14:49:44,155 - MyLogger - ERROR - bin/local/database/mold/DC0124-AD01.enc 加密文件没有任何信息！
2024-10-25 14:49:44,155 - MyLogger - INFO - bin/local/database/mold/DC0124-AD01.enc 加密文件不存在，将按照新的格式创建
2024-10-25 14:49:44,156 - MyLogger - INFO - bin/local/database/mold/DC0124-AD01.enc 数据加密成功
2024-10-25 14:49:44,156 - MyLogger - INFO - DC0124-AD010000 数据加密成功
2024-10-25 14:49:44,159 - MyLogger - INFO - bin/local/database/mold/DC0124-AD03.enc 加密文件解密成功
2024-10-25 14:49:44,160 - MyLogger - INFO - bin/local/database/mold/DC0124-AD03.enc 数据加密成功
2024-10-25 14:49:44,160 - MyLogger - INFO - DC0124-AD030001 数据加密成功
2024-10-25 14:49:44,935 - MyLogger - INFO - 保存模具参数成功！
2024-10-25 14:49:47,560 - MyLogger - INFO - bin/local/database/Project.enc 加密文件解密成功
2024-10-25 14:49:49,602 - MyLogger - INFO - 显示所有项目数据成功！
2024-10-25 14:49:52,311 - MyLogger - INFO - 程序结束运行
