2024-11-23 15:03:41,539 - MyLogger - INFO - 程序开始运行
2024-11-23 15:03:41,645 - MyLogger - INFO - Authorization: 认证成功，在有效期内，到期时间为：2025-03-03
2024-11-23 15:03:41,646 - MyLogger - INFO - Authorization: True
2024-11-23 15:03:54,080 - MyLogger - ERROR - 用户ID已存在
2024-11-23 15:03:56,176 - MyLogger - INFO - 用户取消注册
2024-11-23 15:03:58,138 - MyLogger - INFO - 用户 1 认证成功。
2024-11-23 15:03:58,139 - MyLogger - INFO - 用户登录成功！
2024-11-23 15:03:58,139 - MyLogger - INFO - 查询到：用户ID: 1, 姓名: 1
2024-11-23 15:03:58,167 - MyLogger - INFO - 配置文件加载成功
2024-11-23 15:03:58,168 - MyLogger - INFO - 获取所有配置文件
2024-11-23 15:03:58,169 - MyLogger - INFO - 加载默认配置文件成功！，路径为：config/default.json
2024-11-23 15:03:58,218 - MyLogger - INFO - 项目初始化成功！
2024-11-23 15:04:09,327 - MyLogger - INFO - bin/local/database/Project.enc 加密文件解密成功
2024-11-23 15:04:10,836 - MyLogger - INFO - 显示所有项目数据成功！
2024-11-23 15:04:11,832 - MyLogger - INFO - 普通抽功能初始化成功！
2024-11-23 15:04:15,328 - MyLogger - INFO - D:/Users/OneDrive/Work/Company/GIANT/2024/抽管项目/ShrinkTubeApp/ST-24.7.17 - 1抽.dxf: 文件导入成功
2024-11-23 15:04:15,331 - MyLogger - INFO - 参数读取成功
2024-11-23 15:04:15,331 - MyLogger - INFO - 参数提取成功
2024-11-23 15:04:15,332 - MyLogger - INFO - 参数检查成功
2024-11-23 15:04:15,333 - MyLogger - INFO - 参数规则检查成功
2024-11-23 15:04:15,334 - MyLogger - WARNING - 第2个过渡段: 不存在，报错位置：
TubeModelClass.get_params()
2024-11-23 15:04:15,335 - MyLogger - INFO - 参数输出成功
2024-11-23 15:04:15,339 - MyLogger - INFO - 导入文件成功！
2024-11-23 15:04:19,037 - MyLogger - INFO - 管件参数提取成功，位置位于：ShrinkTubeClass._get_params_from_tube
2024-11-23 15:04:19,037 - MyLogger - INFO - 获取配置文件, key: 全局参数
2024-11-23 15:04:19,038 - MyLogger - INFO - 获取配置文件, key: 裁剪夹模
2024-11-23 15:04:19,038 - MyLogger - INFO - 裁剪夹模初始化完成
2024-11-23 15:04:19,039 - MyLogger - INFO - 获取配置文件, key: 全局参数
2024-11-23 15:04:19,040 - MyLogger - INFO - 获取配置文件, key: 成型模
2024-11-23 15:04:19,041 - MyLogger - INFO - 成型模初始化完成
2024-11-23 15:04:19,042 - MyLogger - INFO - 获取配置文件, key: 全局参数
2024-11-23 15:04:19,042 - MyLogger - INFO - 获取配置文件, key: 成型芯轴
2024-11-23 15:04:19,042 - MyLogger - INFO - 成型芯轴初始化完成
2024-11-23 15:04:19,044 - MyLogger - INFO - 获取配置文件, key: 全局参数
2024-11-23 15:04:19,044 - MyLogger - INFO - 获取配置文件, key: 成型退料模
2024-11-23 15:04:19,044 - MyLogger - INFO - 成型退料模初始化完成
2024-11-23 15:04:19,044 - MyLogger - INFO - 获取配置文件, key: 全局参数
2024-11-23 15:04:19,045 - MyLogger - INFO - 获取配置文件, key: 缩管模
2024-11-23 15:04:19,046 - MyLogger - INFO - 缩管模初始化完成
2024-11-23 15:04:19,046 - MyLogger - INFO - 获取配置文件, key: 全局参数
2024-11-23 15:04:19,047 - MyLogger - INFO - 获取配置文件, key: 抽管芯轴
2024-11-23 15:04:19,047 - MyLogger - INFO - 抽管芯轴初始化完成
2024-11-23 15:04:19,048 - MyLogger - INFO - 获取配置文件, key: 全局参数
2024-11-23 15:04:19,048 - MyLogger - INFO - 获取配置文件, key: 抽管退料模
2024-11-23 15:04:19,048 - MyLogger - INFO - 抽管退料模初始化完成
2024-11-23 15:04:19,056 - MyLogger - INFO - bin/local/database/mold/DC0124-AD03.enc 加密文件解密成功
2024-11-23 15:04:19,057 - MyLogger - INFO - 管件参数提取成功，位置：裁剪夹模参数
2024-11-23 15:04:19,057 - MyLogger - INFO - 裁剪夹模参数设置成功
2024-11-23 15:04:19,064 - MyLogger - INFO - bin/local/database/mold/DC0124-ADIE.enc 加密文件解密成功
2024-11-23 15:04:19,064 - MyLogger - INFO - 管件参数提取成功，位置：缩管模参数
2024-11-23 15:04:19,065 - MyLogger - INFO - 缩管模参数设置成功
2024-11-23 15:04:19,072 - MyLogger - INFO - bin/local/database/mold/DC0124-ADBT.enc 加密文件解密成功
2024-11-23 15:04:19,074 - MyLogger - INFO - 管件参数提取成功，位置：抽管芯轴参数
2024-11-23 15:04:19,074 - MyLogger - INFO - 抽管芯轴参数设置成功
2024-11-23 15:04:19,082 - MyLogger - INFO - bin/local/database/mold/DC0124-AD01.enc 加密文件解密成功
2024-11-23 15:04:19,082 - MyLogger - INFO - 管件参数提取成功，位置：抽管退料模参数
2024-11-23 15:04:19,082 - MyLogger - INFO - 抽管退料模参数设置成功
2024-11-23 15:04:19,085 - MyLogger - INFO - 抽管计算成功
2024-11-23 15:04:19,699 - MyLogger - INFO - 计算模具参数成功！
2024-11-23 15:04:20,076 - MyLogger - INFO - bin/local/database/Project.enc 加密文件解密成功
2024-11-23 15:04:20,084 - MyLogger - INFO - bin/local/database/Project.enc 加密文件解密成功
2024-11-23 15:04:20,086 - MyLogger - INFO - bin/local/database/Project.enc 数据加密成功
2024-11-23 15:04:20,086 - MyLogger - INFO - 项目数据加密成功
2024-11-23 15:04:20,086 - MyLogger - INFO - bin/local/database/mold/DC0124-AD03.enc 加密文件解密成功
2024-11-23 15:04:20,088 - MyLogger - INFO - bin/local/database/mold/DC0124-AD03.enc 数据加密成功
2024-11-23 15:04:20,088 - MyLogger - INFO - DC0124-AD030002 数据加密成功
2024-11-23 15:04:20,089 - MyLogger - INFO - bin/local/database/mold/DC0124-ADIE.enc 加密文件解密成功
2024-11-23 15:04:20,090 - MyLogger - INFO - bin/local/database/mold/DC0124-ADIE.enc 数据加密成功
2024-11-23 15:04:20,090 - MyLogger - INFO - DC0124-ADIE0001 数据加密成功
2024-11-23 15:04:20,091 - MyLogger - INFO - bin/local/database/mold/DC0124-ADBT.enc 加密文件解密成功
2024-11-23 15:04:20,092 - MyLogger - INFO - bin/local/database/mold/DC0124-ADBT.enc 数据加密成功
2024-11-23 15:04:20,093 - MyLogger - INFO - DC0124-ADBT0001 数据加密成功
2024-11-23 15:04:20,094 - MyLogger - INFO - bin/local/database/mold/DC0124-AD01.enc 加密文件解密成功
2024-11-23 15:04:20,094 - MyLogger - INFO - bin/local/database/mold/DC0124-AD01.enc 数据加密成功
2024-11-23 15:04:20,094 - MyLogger - INFO - DC0124-AD010001 数据加密成功
2024-11-23 15:04:21,194 - MyLogger - INFO - 保存模具参数成功！
2024-11-23 15:04:24,844 - MyLogger - INFO - 未选择保存路径！
2024-11-23 15:04:26,662 - MyLogger - INFO - 程序结束运行
